717
1
2
3
4
5
6
7
8
9
10
11
12
13
14
15
16
17
22
23
24
25
26
27
28
29
30
31
34
35
36
40
41
43
44
45
47
48
49
52
56
58
59
62
64
65
66
67
68
69
70
72
73
76
77
80
83
85
87
88
89
90
91
93
95
99
100
101
102
103
105
106
107
109
110
113
114
115
116
120
121
123
124
125
127
129
133
135
136
137
138
139
142
143
146
148
149
150
151
152
153
154
156
157
158
160
162
163
164
168
169
170
171
172
173
174
175
176
178
179
181
182
183
186
187
190
191
193
194
195
196
197
198
199
200
202
203
207
208
209
210
211
212
213
215
216
217
218
220
222
223
224
227
228
231
232
233
235
236
239
240
241
242
243
244
245
246
247
248
250
251
253
254
255
256
257
258
259
261
263
264
265
266
267
268
269
270
271
272
273
274
275
276
278
279
280
283
285
286
287
288
291
293
294
295
297
298
299
301
302
303
304
306
307
308
309
310
311
312
314
315
318
320
322
323
325
326
328
330
331
332
333
334
336
337
338
339
340
341
342
343
344
345
347
349
351
352
353
354
355
356
357
358
359
360
361
362
364
368
369
370
371
374
375
376
377
378
379
380
382
383
384
385
386
387
388
389
392
393
394
395
396
398
399
401
402
403
405
406
407
408
409
412
413
415
416
419
423
424
425
426
428
430
431
432
433
434
435
436
437
438
439
441
442
443
444
445
446
448
449
450
451
452
453
454
455
456
459
460
461
462
463
464
465
466
467
470
471
472
473
476
477
478
479
480
482
484
485
487
488
490
491
493
494
495
496
497
499
500
502
505
506
508
509
510
512
513
515
517
518
521
522
523
525
527
528
529
530
531
532
533
535
536
537
538
540
541
544
545
546
547
549
550
551
552
553
554
555
556
557
559
561
563
564
565
566
567
568
571
572
574
575
577
578
580
581
582
583
584
585
586
588
589
591
592
594
595
596
599
601
602
604
605
607
610
613
614
615
616
617
618
619
621
622
623
624
625
627
628
629
630
631
632
633
634
635
636
637
638
640
641
642
643
644
645
646
648
649
650
651
653
655
656
657
659
660
661
662
663
664
665
667
670
672
673
675
676
678
682
683
687
688
689
690
691
692
693
695
696
697
699
700
701
702
703
705
706
708
710
714
715
716
717
718
719
722
724
725
726
727
728
729
730
731
734
735
736
737
738
739
740
741
743
746
747
748
749
750
753
754
757
758
759
760
762
763
764
769
771
772
773
774
775
777
778
779
781
782
783
784
785
786
787
788
789
790
791
793
794
795
797
800
801
802
804
806
807
808
809
810
812
815
816
817
818
819
821
822
823
824
825
826
827
828
832
833
834
835
836
837
838
840
841
842
843
844
845
846
847
848
851
852
853
854
855
856
859
861
862
863
865
867
868
869
870
871
873
874
875
876
879
880
881
882
885
886
887
888
889
890
892
893
895
896
897
898
901
902
903
904
906
907
908
910
911
912
913
914
915
916
919
920
921
922
923
924
925
926
927
928
930
931
932
933
936
937
938
939
942
944
945
946
948
949
954
956
957
958
960
961
962
965
968
969
971
973
975
976
977
978
979
980
981
982
983
984
986
987
988
989
990
993
994
995
997
998
999
1000
