75332.493456
66192.613563
84101.248368
80960.359885
89389.317909
78901.510519
77878.537686
60250.436471
83978.221075
68237.539907
64664.626630
86611.129088
66726.496204
78538.551657
60777.559408
73695.210274
77907.523357
62912.606518
88876.409751
65941.612078
65124.426132
66155.597154
87464.065731
79472.297364
89779.280759
84070.125666
86631.402452
78162.439494
78876.443521
90740.403484
60216.673254
84860.163358
72447.578234
69883.384194
76973.363394
67352.626995
81858.285641
83076.263953
62622.499721
90544.255357
