75345.584339
72112.532699
92592.356970
60642.472329
89900.407249
78310.518200
68130.638370
83483.157024
60178.619199
75560.406127
77558.452770
81134.118511
92370.330914
65468.677987
67981.622565
85698.343326
68095.655105
68297.491393
64331.569722
84257.451021
61807.499952
78554.253921
64537.431613
91191.217021
74173.365871
90207.414210
69860.331454
60758.671331
64455.680345
60460.644509
86556.240907
65908.467679
85296.311851
74232.577051
66102.390447
87979.077497
61150.466030
86751.175696
78890.470422
72632.548346
