75364.575888
80993.151215
88943.282765
79317.422079
90665.353305
77422.529659
69891.628620
85564.226909
90014.415470
86545.397633
80515.352481
72919.390888
81684.456429
62247.387333
62403.609445
70936.468265
86145.384664
76373.276786
76665.178698
78963.382336
89599.175889
64385.556066
79299.267869
76000.272320
67147.508748
66645.562454
61088.639234
67420.657745
75591.398400
80575.250589
60530.559016
70248.465926
88184.264170
80755.345384
82563.435969
69768.311961
62856.513655
75880.268208
86909.244297
78533.198466
