75312.504113
90079.170568
87750.332797
62286.398087
88624.376429
79789.498897
76117.546923
90937.392906
86910.448293
90021.127141
61707.694610
62058.691534
77413.350532
81759.515484
66355.579398
88457.069222
92625.013859
87604.416940
76541.353236
71234.290880
70100.303573
80324.330517
72702.236579
61895.618674
64037.539238
74864.415582
62635.489995
71500.434093
67740.389860
70625.398721
86241.409517
80521.143435
69559.613829
63360.627183
60512.677716
85563.460881
80152.217184
61179.583020
87371.322151
84643.144269
