75299.388015
84158.280265
79260.206877
82604.291037
88114.278565
80380.491102
85865.440884
67705.599110
77942.460302
82698.293540
81581.090000
67535.328944
84537.047670
62060.701109
91919.022397
76453.439699
69669.273010
82220.070049
68318.572251
85686.481676
73417.213201
67924.631704
62860.697535
82945.319229
79643.443468
68727.562036
79406.518852
88904.128220
82161.481058
68137.528887
92669.001898
66705.664143
89479.114471
91779.427281
71383.262186
64935.589581
68092.480696
90272.260336
71103.319608
69786.624290
