1
0
0
0
0
0
0
0
0
0
0
0
0
0
0
0
0
0
0
0
1
1
2
6
24
120
720
5040
40320
362880
3628800
39916800
479001600
6227020800
87178291200
1307674368000
20922789888000
355687428096000
6402373705728000
1
3
11
50
274
1764
13068
109584
1026576
10628640
120543840
1486442880
19802759040
283465647360
4339163001600
70734282393600
1223405590579200
22376988058521600
1
6
35
225
1624
13132
118124
1172700
12753576
150917976
1931559552
26596717056
392156797824
6165817614720
102992244837120
1821602444624640
34012249593822720
1
10
85
735
6769
67284
723680
8409500
105258076
1414014888
20313753096
310989260400
5056995703824
87077748875904
1583313975727488
30321254007719424
1
15
175
1960
22449
269325
3416930
45995730
657206836
9957703756
159721605680
2706813345600
48366009233424
909299905844112
17950712280921504
1
21
322
4536
63273
902055
13339535
206070150
3336118786
56663366760
1009672107080
18861567058880
369012649234384
7551527592063024
1
28
546
9450
157773
2637558
44990231
790943153
14409322928
272803210680
5374523477960
110228466184200
2353125040549984
1
36
870
18150
357423
6926634
135036473
2681453775
54631129553
1146901283528
24871845297936
557921681547048
1
45
1320
32670
749463
16669653
368411615
8207628000
185953177553
4308105301929
102417740732658
1
55
1925
55770
1474473
37312275
928095740
23057159840
577924894833
14710753408923
1
66
2717
91091
2749747
78558480
2185031420
60202693980
1661573386473
1
78
3731
143325
4899622
156952432
4853222764
147560703732
1
91
5005
218400
8394022
299650806
10246937272
1
105
6580
323680
13896582
549789282
1
120
8500
468180
22323822
1
136
10812
662796
1
153
13566
1
171
1
1
1
2
6
24
120
720
5040
40320
362880
3628800
39916800
479001600
6227020800
87178291200
1307674368000
20922789888000
355687428096000
6402373705728000
0
2
6
22
100
548
3528
26136
219168
2053152
21257280
241087680
2972885760
39605518080
566931294720
8678326003200
141468564787200
2446811181158400
44753976117043200
0
3
18
105
675
4872
39396
354372
3518100
38260728
452753928
5794678656
79790151168
1176470393472
18497452844160
308976734511360
5464807333873920
102036748781468160
0
4
40
340
2940
27076
269136
2894720
33638000
421032304
5656059552
81255012384
1243957041600
20227982815296
348310995503616
6333255902909952
121285016030877696
0
5
75
875
9800
112245
1346625
17084650
229978650
3286034180
49788518780
798608028400
13534066728000
241830046167120
4546499529220560
89753561404607520
0
6
126
1932
27216
379638
5412330
80037210
1236420900
20016712716
339980200560
6058032642480
113169402353280
2214075895406304
45309165552378144
0
7
196
3822
66150
1104411
18462906
314931617
5536602071
100865260496
1909622474760
37621664345720
771599263289400
16471875283849888
0
8
288
6960
145200
2859384
55413072
1080291784
21451630200
437049036424
9175210268224
198974762383488
4463373452376384
0
9
405
11880
294030
6745167
150026877
3315704535
73868652000
1673578597977
38772947717361
921759666593922
0
10
550
19250
557700
14744730
373122750
9280957400
230571598400
5779248948330
147107534089230
0
11
726
29887
1002001
30247217
864143280
24035345620
662229633780
18277307251203
0
12
936
44772
1719900
58795464
1883429184
58238673168
1770728444784
0
13
1183
65065
2839200
109122286
3895460478
133210184536
0
14
1470
92120
4531520
194552148
7697049948
0
15
1800
127500
7022700
334857330
0
16
2176
172992
10604736
0
17
2601
230622
0
18
3078
0
19
0
1
3
11
50
274
1764
13068
109584
1026576
10628640
120543840
1486442880
19802759040
283465647360
4339163001600
70734282393600
1223405590579200
22376988058521600
0
3
18
105
675
4872
39396
354372
3518100
38260728
452753928
5794678656
79790151168
1176470393472
18497452844160
308976734511360
5464807333873920
102036748781468160
0
0
6
60
510
4410
40614
403704
4342080
50457000
631548456
8484089328
121882518576
1865935562400
30341974222944
522466493255424
9499883854364928
181927524046316544
0
0
10
150
1750
19600
224490
2693250
34169300
459957300
6572068360
99577037560
1597216056800
27068133456000
483660092334240
9092999058441120
179507122809215040
0
0
15
315
4830
68040
949095
13530825
200093025
3091052250
50041781790
849950501400
15145081606200
282923505883200
5535189738515760
113272913880945360
0
0
21
588
11466
198450
3313233
55388718
944794851
16609806213
302595781488
5728867424280
112864993037160
2314797789868200
49415625851549664
0
0
28
1008
24360
508200
10007844
193945752
3781021244
75080705700
1529671627484
32113235938784
696411668342208
15621807083317344
0
0
36
1620
47520
1176120
26980668
600107508
13262818140
295474608000
6694314391908
155091790869444
3687038666375688
0
0
45
2475
86625
2509650
66351285
1679052375
41764308300
1037572192800
26006620267485
661983903401535
0
0
55
3630
149435
5010005
151236085
4320716400
120176728100
3311148168900
91386536256015
0
0
66
5148
246246
9459450
323375052
10358860512
320312702424
9739006446312
0
0
78
7098
390390
17035200
654733716
23372762868
799261107216
0
0
91
9555
598780
29454880
1264588962
50030824662
0
0
105
12600
892500
49158900
2344001310
0
0
120
16320
1297440
79535520
0
0
136
20808
1844976
0
0
153
26163
0
0
171
0
0
0
1
6
35
225
1624
13132
118124
1172700
12753576
150917976
1931559552
26596717056
392156797824
6165817614720
102992244837120
1821602444624640
34012249593822720
0
4
40
340
2940
27076
269136
2894720
33638000
421032304
5656059552
81255012384
1243957041600
20227982815296
348310995503616
6333255902909952
121285016030877696
0
0
10
150
1750
19600
224490
2693250
34169300
459957300
6572068360
99577037560
1597216056800
27068133456000
483660092334240
9092999058441120
179507122809215040
0
0
0
20
420
6440
90720
1265460
18041100
266790700
4121403000
66722375720
1133267335200
20193442141600
377231341177600
7380252984687680
151030551841260480
0
0
0
35
980
19110
330750
5522055
92314530
1574658085
27683010355
504326302480
9548112373800
188108321728600
3857996316447000
82359376419249440
0
0
0
56
2016
48720
1016400
20015688
387891504
7562042488
150161411400
3059343254968
64226471877568
1392823336684416
31243614166634688
0
0
0
84
3780
110880
2744280
62954892
1400250852
30946575660
689440752000
15620066914452
361880845362036
8603090221543272
0
0
0
120
6600
231000
6692400
176936760
4477473000
111371488800
2766859180800
69350987379960
1765290409070760
0
0
0
165
10890
448305
15030015
453708255
12962149200
360530184300
9933444506700
274159608768045
0
0
0
220
17160
820820
31531500
1077916840
34529535040
1067709008080
32463354821040
0
0
0
286
26026
1431430
62462400
2400690292
85700130516
2930624059792
0
0
0
364
38220
2395120
117819520
5058355848
200123298648
0
0
0
455
54600
3867500
213021900
10157339010
0
0
0
560
76160
6054720
371165760
0
0
0
680
104040
9224880
0
0
0
816
139536
0
0
0
969
0
0
0
0
0
0
1
10
85
735
6769
67284
723680
8409500
105258076
1414014888
20313753096
310989260400
5056995703824
87077748875904
1583313975727488
30321254007719424
0
5
75
875
9800
112245
1346625
17084650
229978650
3286034180
49788518780
798608028400
13534066728000
241830046167120
4546499529220560
89753561404607520
0
0
15
315
4830
68040
949095
13530825
200093025
3091052250
50041781790
849950501400
15145081606200
282923505883200
5535189738515760
113272913880945360
0
0
0
35
980
19110
330750
5522055
92314530
1574658085
27683010355
504326302480
9548112373800
188108321728600
3857996316447000
82359376419249440
0
0
0
0
70
2520
60900
1270500
25019610
484864380
9452553110
187701764250
3824179068710
80283089846960
1741029170855520
39054517708293360
0
0
0
0
126
5670
166320
4116420
94432338
2100376278
46419863490
1034161128000
23430100371678
542821268043054
12904635332314908
0
0
0
0
210
11550
404250
11711700
309639330
7835577750
194900105400
4842003566400
121364227914930
3089258215873830
0
0
0
0
330
21780
896610
30060030
907416510
25924298400
721060368600
19866889013400
548319217536090
0
0
0
0
495
38610
1846845
70945875
2425312890
77691453840
2402345268180
73042548347340
0
0
0
0
715
65065
3578575
156156000
6001725730
214250326290
7326560149480
0
0
0
0
1001
105105
6586580
324003680
13910478582
550339071282
0
0
0
0
1365
163800
11602500
639065700
30472017030
0
0
0
0
1820
247520
19677840
1206288720
0
0
0
0
2380
364140
32287080
0
0
0
0
3060
523260
0
0
0
0
3876
0
0
0
0
0
0
0
0
0
0
1
15
175
1960
22449
269325
3416930
45995730
657206836
9957703756
159721605680
2706813345600
48366009233424
909299905844112
17950712280921504
0
6
126
1932
27216
379638
5412330
80037210
1236420900
20016712716
339980200560
6058032642480
113169402353280
2214075895406304
45309165552378144
0
0
21
588
11466
198450
3313233
55388718
944794851
16609806213
302595781488
5728867424280
112864993037160
2314797789868200
49415625851549664
0
0
0
56
2016
48720
1016400
20015688
387891504
7562042488
150161411400
3059343254968
64226471877568
1392823336684416
31243614166634688
0
0
0
0
126
5670
166320
4116420
94432338
2100376278
46419863490
1034161128000
23430100371678
542821268043054
12904635332314908
0
0
0
0
0
252
13860
485100
14054040
371567196
9402693300
233880126480
5810404279680
145637073497916
3707109859048596
0
0
0
0
0
462
30492
1255254
42084042
1270383114
36294017760
1009484516040
27813644618760
767646904550526
0
0
0
0
0
792
61776
2954952
113513400
3880500624
124306326144
3843752429088
116868077355744
0
0
0
0
0
1287
117117
6441435
281080800
10803106314
385650587322
13187808269064
0
0
0
0
0
2002
210210
13173160
648007360
27820957164
1100678142564
0
0
0
0
0
3003
360360
25525500
1405944540
67038437466
0
0
0
0
0
4368
594048
47226816
2895092928
0
0
0
0
0
6188
946764
83946408
0
0
0
0
0
8568
1465128
0
0
0
0
0
11628
0
0
0
0
0
0
0
0
0
0
0
0
0
0
0
1
21
322
4536
63273
902055
13339535
206070150
3336118786
56663366760
1009672107080
18861567058880
369012649234384
7551527592063024
0
7
196
3822
66150
1104411
18462906
314931617
5536602071
100865260496
1909622474760
37621664345720
771599263289400
16471875283849888
0
0
28
1008
24360
508200
10007844
193945752
3781021244
75080705700
1529671627484
32113235938784
696411668342208
15621807083317344
0
0
0
84
3780
110880
2744280
62954892
1400250852
30946575660
689440752000
15620066914452
361880845362036
8603090221543272
0
0
0
0
210
11550
404250
11711700
309639330
7835577750
194900105400
4842003566400
121364227914930
3089258215873830
0
0
0
0
0
462
30492
1255254
42084042
1270383114
36294017760
1009484516040
27813644618760
767646904550526
0
0
0
0
0
0
924
72072
3447444
132432300
4527250728
145024047168
4484377833936
136346090248368
0
0
0
0
0
0
1716
156156
8588580
374774400
14404141752
514200783096
17583744358752
0
0
0
0
0
0
3003
315315
19759740
972011040
41731435746
1651017213846
0
0
0
0
0
0
5005
600600
42542500
2343240900
111730729110
0
0
0
0
0
0
8008
1089088
86582496
5307670368
0
0
0
0
0
0
12376
1893528
167892816
0
0
0
0
0
0
18564
3174444
0
0
0
0
0
0
27132
0
0
0
0
0
0
0
0
0
0
0
0
0
0
0
0
0
0
0
0
0
1
28
546
9450
157773
2637558
44990231
790943153
14409322928
272803210680
5374523477960
110228466184200
2353125040549984
0
8
288
6960
145200
2859384
55413072
1080291784
21451630200
437049036424
9175210268224
198974762383488
4463373452376384
0
0
36
1620
47520
1176120
26980668
600107508
13262818140
295474608000
6694314391908
155091790869444
3687038666375688
0
0
0
120
6600
231000
6692400
176936760
4477473000
111371488800
2766859180800
69350987379960
1765290409070760
0
0
0
0
330
21780
896610
30060030
907416510
25924298400
721060368600
19866889013400
548319217536090
0
0
0
0
0
792
61776
2954952
113513400
3880500624
124306326144
3843752429088
116868077355744
0
0
0
0
0
0
1716
156156
8588580
374774400
14404141752
514200783096
17583744358752
0
0
0
0
0
0
0
3432
360360
22582560
1110869760
47693069424
1886876815824
0
0
0
0
0
0
0
6435
772200
54697500
3012738300
143653794570
0
0
0
0
0
0
0
11440
1555840
123689280
7582386240
0
0
0
0
0
0
0
19448
2975544
263831568
0
0
0
0
0
0
0
31824
5441904
0
0
0
0
0
0
0
50388
0
0
0
0
0
0
0
0
0
0
0
0
0
0
0
0
0
0
0
0
0
0
0
0
0
0
0
0
1
36
870
18150
357423
6926634
135036473
2681453775
54631129553
1146901283528
24871845297936
557921681547048
0
9
405
11880
294030
6745167
150026877
3315704535
73868652000
1673578597977
38772947717361
921759666593922
0
0
45
2475
86625
2509650
66351285
1679052375
41764308300
1037572192800
26006620267485
661983903401535
0
0
0
165
10890
448305
15030015
453708255
12962149200
360530184300
9933444506700
274159608768045
0
0
0
0
495
38610
1846845
70945875
2425312890
77691453840
2402345268180
73042548347340
0
0
0
0
0
1287
117117
6441435
281080800
10803106314
385650587322
13187808269064
0
0
0
0
0
0
3003
315315
19759740
972011040
41731435746
1651017213846
0
0
0
0
0
0
0
6435
772200
54697500
3012738300
143653794570
0
0
0
0
0
0
0
0
12870
1750320
139150440
8530184520
0
0
0
0
0
0
0
0
24310
3719430
329789460
0
0
0
0
0
0
0
0
43758
7482618
0
0
0
0
0
0
0
0
75582
0
0
0
0
0
0
0
0
0
0
0
0
0
0
0
0
0
0
0
0
0
0
0
0
0
0
0
0
0
0
0
0
0
0
0
0
1
45
1320
32670
749463
16669653
368411615
8207628000
185953177553
4308105301929
102417740732658
0
10
550
19250
557700
14744730
373122750
9280957400
230571598400
5779248948330
147107534089230
0
0
55
3630
149435
5010005
151236085
4320716400
120176728100
3311148168900
91386536256015
0
0
0
220
17160
820820
31531500
1077916840
34529535040
1067709008080
32463354821040
0
0
0
0
715
65065
3578575
156156000
6001725730
214250326290
7326560149480
0
0
0
0
0
2002
210210
13173160
648007360
27820957164
1100678142564
0
0
0
0
0
0
5005
600600
42542500
2343240900
111730729110
0
0
0
0
0
0
0
11440
1555840
123689280
7582386240
0
0
0
0
0
0
0
0
24310
3719430
329789460
0
0
0
0
0
0
0
0
0
48620
8314020
0
0
0
0
0
0
0
0
0
92378
0
0
0
0
0
0
0
0
0
0
0
0
0
0
0
0
0
0
0
0
0
0
0
0
0
0
0
0
0
0
0
0
0
0
0
0
0
0
0
0
0
0
0
0
0
1
55
1925
55770
1474473
37312275
928095740
23057159840
577924894833
14710753408923
0
11
726
29887
1002001
30247217
864143280
24035345620
662229633780
18277307251203
0
0
66
5148
246246
9459450
323375052
10358860512
320312702424
9739006446312
0
0
0
286
26026
1431430
62462400
2400690292
85700130516
2930624059792
0
0
0
0
1001
105105
6586580
324003680
13910478582
550339071282
0
0
0
0
0
3003
360360
25525500
1405944540
67038437466
0
0
0
0
0
0
8008
1089088
86582496
5307670368
0
0
0
0
0
0
0
19448
2975544
263831568
0
0
0
0
0
0
0
0
43758
7482618
0
0
0
0
0
0
0
0
0
92378
0
0
0
0
0
0
0
0
0
0
0
0
0
0
0
0
0
0
0
0
0
0
0
0
0
0
0
0
0
0
0
0
0
0
0
0
0
0
0
0
0
0
0
0
0
0
0
0
0
0
0
0
0
0
0
1
66
2717
91091
2749747
78558480
2185031420
60202693980
1661573386473
0
12
936
44772
1719900
58795464
1883429184
58238673168
1770728444784
0
0
78
7098
390390
17035200
654733716
23372762868
799261107216
0
0
0
364
38220
2395120
117819520
5058355848
200123298648
0
0
0
0
1365
163800
11602500
639065700
30472017030
0
0
0
0
0
4368
594048
47226816
2895092928
0
0
0
0
0
0
12376
1893528
167892816
0
0
0
0
0
0
0
31824
5441904
0
0
0
0
0
0
0
0
75582
0
0
0
0
0
0
0
0
0
0
0
0
0
0
0
0
0
0
0
0
0
0
0
0
0
0
0
0
0
0
0
0
0
0
0
0
0
0
0
0
0
0
0
0
0
0
0
0
0
0
0
0
0
0
0
0
0
0
0
0
0
0
0
1
78
3731
143325
4899622
156952432
4853222764
147560703732
0
13
1183
65065
2839200
109122286
3895460478
133210184536
0
0
91
9555
598780
29454880
1264588962
50030824662
0
0
0
455
54600
3867500
213021900
10157339010
0
0
0
0
1820
247520
19677840
1206288720
0
0
0
0
0
6188
946764
83946408
0
0
0
0
0
0
18564
3174444
0
0
0
0
0
0
0
50388
0
0
0
0
0
0
0
0
0
0
0
0
0
0
0
0
0
0
0
0
0
0
0
0
0
0
0
0
0
0
0
0
0
0
0
0
0
0
0
0
0
0
0
0
0
0
0
0
0
0
0
0
0
0
0
0
0
0
0
0
0
0
0
0
0
0
0
0
1
91
5005
218400
8394022
299650806
10246937272
0
14
1470
92120
4531520
194552148
7697049948
0
0
105
12600
892500
49158900
2344001310
0
0
0
560
76160
6054720
371165760
0
0
0
0
2380
364140
32287080
0
0
0
0
0
8568
1465128
0
0
0
0
0
0
27132
0
0
0
0
0
0
0
0
0
0
0
0
0
0
0
0
0
0
0
0
0
0
0
0
0
0
0
0
0
0
0
0
0
0
0
0
0
0
0
0
0
0
0
0
0
0
0
0
0
0
0
0
0
0
0
0
0
0
0
0
0
0
0
0
0
0
0
0
0
0
1
105
6580
323680
13896582
549789282
0
15
1800
127500
7022700
334857330
0
0
120
16320
1297440
79535520
0
0
0
680
104040
9224880
0
0
0
0
3060
523260
0
0
0
0
0
11628
0
0
0
0
0
0
0
0
0
0
0
0
0
0
0
0
0
0
0
0
0
0
0
0
0
0
0
0
0
0
0
0
0
0
0
0
0
0
0
0
0
0
0
0
0
0
0
0
0
0
0
0
0
0
0
0
0
0
0
0
0
0
0
0
0
0
0
0
0
1
120
8500
468180
22323822
0
16
2176
172992
10604736
0
0
136
20808
1844976
0
0
0
816
139536
0
0
0
0
3876
0
0
0
0
0
0
0
0
0
0
0
0
0
0
0
0
0
0
0
0
0
0
0
0
0
0
0
0
0
0
0
0
0
0
0
0
0
0
0
0
0
0
0
0
0
0
0
0
0
0
0
0
0
0
0
0
0
0
0
0
0
0
0
0
0
1
136
10812
662796
0
17
2601
230622
0
0
153
26163
0
0
0
969
0
0
0
0
0
0
0
0
0
0
0
0
0
0
0
0
0
0
0
0
0
0
0
0
0
0
0
0
0
0
0
0
0
0
0
0
0
0
0
0
0
0
0
0
0
0
0
0
0
0
0
0
0
0
0
0
0
0
1
153
13566
0
18
3078
0
0
171
0
0
0
0
0
0
0
0
0
0
0
0
0
0
0
0
0
0
0
0
0
0
0
0
0
0
0
0
0
0
0
0
0
0
0
0
0
0
0
0
0
0
0
0
0
0
0
0
1
171
0
19
0
0
0
0
0
0
0
0
0
0
0
0
0
0
0
0
0
0
0
0
0
0
0
0
0
0
0
0
0
0
0
0
0
0
0
1
0
0
0
0
0
0
0
0
0
0
0
0
0
0
0
0
0
0
0
